[2017-02-20 16:55:08] production.ERROR: exception 'RuntimeException' with message 'No supported encrypter found. The cipher and / or key length are invalid.' in C:\xampp\htdocs\Control_5_3\vendor\laravel\framework\src\Illuminate\Encryption\EncryptionServiceProvider.php:45
Stack trace:
#0 C:\xampp\htdocs\Control_5_3\vendor\laravel\framework\src\Illuminate\Encryption\EncryptionServiceProvider.php(25): Illuminate\Encryption\EncryptionServiceProvider->getEncrypterForKeyAndCipher(NULL, 'AES-256-CBC')
#1 C:\xampp\htdocs\Control_5_3\vendor\laravel\framework\src\Illuminate\Container\Container.php(731): Illuminate\Encryption\EncryptionServiceProvider->Illuminate\Encryption\{closure}(Object(Illuminate\Foundation\Application), Array)
#2 C:\xampp\htdocs\Control_5_3\vendor\laravel\framework\src\Illuminate\Container\Container.php(629): Illuminate\Container\Container->build(Object(Closure), Array)
#3 C:\xampp\htdocs\Control_5_3\vendor\laravel\framework\src\Illuminate\Foundation\Application.php(697): Illuminate\Container\Container->make('encrypter', Array)
#4 C:\xampp\htdocs\Control_5_3\vendor\laravel\framework\src\Illuminate\Container\Container.php(849): Illuminate\Foundation\Application->make('Illuminate\\Cont...')
#5 C:\xampp\htdocs\Control_5_3\vendor\laravel\framework\src\Illuminate\Container\Container.php(804): Illuminate\Container\Container->resolveClass(Object(ReflectionParameter))
#6 C:\xampp\htdocs\Control_5_3\vendor\laravel\framework\src\Illuminate\Container\Container.php(775): Illuminate\Container\Container->getDependencies(Array, Array)
#7 C:\xampp\htdocs\Control_5_3\vendor\laravel\framework\src\Illuminate\Container\Container.php(629): Illuminate\Container\Container->build('App\\Http\\Middle...', Array)
#8 C:\xampp\htdocs\Control_5_3\vendor\laravel\framework\src\Illuminate\Foundation\Application.php(697): Illuminate\Container\Container->make('App\\Http\\Middle...', Array)
#9 C:\xampp\htdocs\Control_5_3\vendor\laravel\framework\src\Illuminate\Pipeline\Pipeline.php(126): Illuminate\Foundation\Application->make('App\\Http\\Middle...')
#10 [internal function]: Illuminate\Pipeline\Pipeline->Illuminate\Pipeline\{closure}(Object(Illuminate\Http\Request))
#11 C:\xampp\htdocs\Control_5_3\vendor\laravel\framework\src\Illuminate\Routing\Pipeline.php(32): call_user_func(Object(Closure), Object(Illuminate\Http\Request))
#12 [internal function]: Illuminate\Routing\Pipeline->Illuminate\Routing\{closure}(Object(Illuminate\Http\Request))
#13 C:\xampp\htdocs\Control_5_3\vendor\laravel\framework\src\Illuminate\Pipeline\Pipeline.php(103): call_user_func(Object(Closure), Object(Illuminate\Http\Request))
#14 C:\xampp\htdocs\Control_5_3\vendor\laravel\framework\src\Illuminate\Routing\Router.php(726): Illuminate\Pipeline\Pipeline->then(Object(Closure))
#15 C:\xampp\htdocs\Control_5_3\vendor\laravel\framework\src\Illuminate\Routing\Router.php(699): Illuminate\Routing\Router->runRouteWithinStack(Object(Illuminate\Routing\Route), Object(Illuminate\Http\Request))
#16 C:\xampp\htdocs\Control_5_3\vendor\laravel\framework\src\Illuminate\Routing\Router.php(675): Illuminate\Routing\Router->dispatchToRoute(Object(Illuminate\Http\Request))
#17 C:\xampp\htdocs\Control_5_3\vendor\laravel\framework\src\Illuminate\Foundation\Http\Kernel.php(246): Illuminate\Routing\Router->dispatch(Object(Illuminate\Http\Request))
#18 [internal function]: Illuminate\Foundation\Http\Kernel->Illuminate\Foundation\Http\{closure}(Object(Illuminate\Http\Request))
#19 C:\xampp\htdocs\Control_5_3\vendor\laravel\framework\src\Illuminate\Routing\Pipeline.php(52): call_user_func(Object(Closure), Object(Illuminate\Http\Request))
#20 C:\xampp\htdocs\Control_5_3\vendor\laravel\framework\src\Illuminate\Foundation\Http\Middleware\CheckForMaintenanceMode.php(44): Illuminate\Routing\Pipeline->Illuminate\Routing\{closure}(Object(Illuminate\Http\Request))
#21 [internal function]: Illuminate\Foundation\Http\Middleware\CheckForMaintenanceMode->handle(Object(Illuminate\Http\Request), Object(Closure))
#22 C:\xampp\htdocs\Control_5_3\vendor\laravel\framework\src\Illuminate\Pipeline\Pipeline.php(136): call_user_func_array(Array, Array)
#23 [internal function]: Illuminate\Pipeline\Pipeline->Illuminate\Pipeline\{closure}(Object(Illuminate\Http\Request))
#24 C:\xampp\htdocs\Control_5_3\vendor\laravel\framework\src\Illuminate\Routing\Pipeline.php(32): call_user_func(Object(Closure), Object(Illuminate\Http\Request))
#25 [internal function]: Illuminate\Routing\Pipeline->Illuminate\Routing\{closure}(Object(Illuminate\Http\Request))
#26 C:\xampp\htdocs\Control_5_3\vendor\laravel\framework\src\Illuminate\Pipeline\Pipeline.php(103): call_user_func(Object(Closure), Object(Illuminate\Http\Request))
#27 C:\xampp\htdocs\Control_5_3\vendor\laravel\framework\src\Illuminate\Foundation\Http\Kernel.php(132): Illuminate\Pipeline\Pipeline->then(Object(Closure))
#28 C:\xampp\htdocs\Control_5_3\vendor\laravel\framework\src\Illuminate\Foundation\Http\Kernel.php(99): Illuminate\Foundation\Http\Kernel->sendRequestThroughRouter(Object(Illuminate\Http\Request))
#29 C:\xampp\htdocs\Control_5_3\public\index.php(54): Illuminate\Foundation\Http\Kernel->handle(Object(Illuminate\Http\Request))
#30 {main}  
[2017-02-20 16:55:08] production.ERROR: exception 'RuntimeException' with message 'No supported encrypter found. The cipher and / or key length are invalid.' in C:\xampp\htdocs\Control_5_3\vendor\laravel\framework\src\Illuminate\Encryption\EncryptionServiceProvider.php:45
Stack trace:
#0 C:\xampp\htdocs\Control_5_3\vendor\laravel\framework\src\Illuminate\Encryption\EncryptionServiceProvider.php(25): Illuminate\Encryption\EncryptionServiceProvider->getEncrypterForKeyAndCipher(NULL, 'AES-256-CBC')
#1 C:\xampp\htdocs\Control_5_3\vendor\laravel\framework\src\Illuminate\Container\Container.php(731): Illuminate\Encryption\EncryptionServiceProvider->Illuminate\Encryption\{closure}(Object(Illuminate\Foundation\Application), Array)
#2 C:\xampp\htdocs\Control_5_3\vendor\laravel\framework\src\Illuminate\Container\Container.php(629): Illuminate\Container\Container->build(Object(Closure), Array)
#3 C:\xampp\htdocs\Control_5_3\vendor\laravel\framework\src\Illuminate\Foundation\Application.php(697): Illuminate\Container\Container->make('encrypter', Array)
#4 C:\xampp\htdocs\Control_5_3\vendor\laravel\framework\src\Illuminate\Container\Container.php(849): Illuminate\Foundation\Application->make('Illuminate\\Cont...')
#5 C:\xampp\htdocs\Control_5_3\vendor\laravel\framework\src\Illuminate\Container\Container.php(804): Illuminate\Container\Container->resolveClass(Object(ReflectionParameter))
#6 C:\xampp\htdocs\Control_5_3\vendor\laravel\framework\src\Illuminate\Container\Container.php(775): Illuminate\Container\Container->getDependencies(Array, Array)
#7 C:\xampp\htdocs\Control_5_3\vendor\laravel\framework\src\Illuminate\Container\Container.php(629): Illuminate\Container\Container->build('App\\Http\\Middle...', Array)
#8 C:\xampp\htdocs\Control_5_3\vendor\laravel\framework\src\Illuminate\Foundation\Application.php(697): Illuminate\Container\Container->make('App\\Http\\Middle...', Array)
#9 C:\xampp\htdocs\Control_5_3\vendor\laravel\framework\src\Illuminate\Foundation\Http\Kernel.php(152): Illuminate\Foundation\Application->make('App\\Http\\Middle...')
#10 C:\xampp\htdocs\Control_5_3\public\index.php(58): Illuminate\Foundation\Http\Kernel->terminate(Object(Illuminate\Http\Request), Object(Illuminate\Http\Response))
#11 {main}  
[2017-02-20 18:15:56] local.ERROR: exception 'Symfony\Component\Debug\Exception\FatalErrorException' with message 'Call to a member function Where() on a non-object' in C:\xampp\htdocs\Control_5_3\app\Http\Controllers\ControllerInternet\AdministrarInternetController.php:155
Stack trace:
#0 {main}  
[2017-02-20 18:30:59] production.ERROR: exception 'RuntimeException' with message 'No supported encrypter found. The cipher and / or key length are invalid.' in C:\xampp\htdocs\Control_5_3\vendor\laravel\framework\src\Illuminate\Encryption\EncryptionServiceProvider.php:45
Stack trace:
#0 C:\xampp\htdocs\Control_5_3\vendor\laravel\framework\src\Illuminate\Encryption\EncryptionServiceProvider.php(25): Illuminate\Encryption\EncryptionServiceProvider->getEncrypterForKeyAndCipher(NULL, 'AES-256-CBC')
#1 C:\xampp\htdocs\Control_5_3\vendor\laravel\framework\src\Illuminate\Container\Container.php(731): Illuminate\Encryption\EncryptionServiceProvider->Illuminate\Encryption\{closure}(Object(Illuminate\Foundation\Application), Array)
#2 C:\xampp\htdocs\Control_5_3\vendor\laravel\framework\src\Illuminate\Container\Container.php(629): Illuminate\Container\Container->build(Object(Closure), Array)
#3 C:\xampp\htdocs\Control_5_3\vendor\laravel\framework\src\Illuminate\Foundation\Application.php(697): Illuminate\Container\Container->make('encrypter', Array)
#4 C:\xampp\htdocs\Control_5_3\vendor\laravel\framework\src\Illuminate\Container\Container.php(849): Illuminate\Foundation\Application->make('Illuminate\\Cont...')
#5 C:\xampp\htdocs\Control_5_3\vendor\laravel\framework\src\Illuminate\Container\Container.php(804): Illuminate\Container\Container->resolveClass(Object(ReflectionParameter))
#6 C:\xampp\htdocs\Control_5_3\vendor\laravel\framework\src\Illuminate\Container\Container.php(775): Illuminate\Container\Container->getDependencies(Array, Array)
#7 C:\xampp\htdocs\Control_5_3\vendor\laravel\framework\src\Illuminate\Container\Container.php(629): Illuminate\Container\Container->build('App\\Http\\Middle...', Array)
#8 C:\xampp\htdocs\Control_5_3\vendor\laravel\framework\src\Illuminate\Foundation\Application.php(697): Illuminate\Container\Container->make('App\\Http\\Middle...', Array)
#9 C:\xampp\htdocs\Control_5_3\vendor\laravel\framework\src\Illuminate\Pipeline\Pipeline.php(126): Illuminate\Foundation\Application->make('App\\Http\\Middle...')
#10 [internal function]: Illuminate\Pipeline\Pipeline->Illuminate\Pipeline\{closure}(Object(Illuminate\Http\Request))
#11 C:\xampp\htdocs\Control_5_3\vendor\laravel\framework\src\Illuminate\Routing\Pipeline.php(32): call_user_func(Object(Closure), Object(Illuminate\Http\Request))
#12 [internal function]: Illuminate\Routing\Pipeline->Illuminate\Routing\{closure}(Object(Illuminate\Http\Request))
#13 C:\xampp\htdocs\Control_5_3\vendor\laravel\framework\src\Illuminate\Pipeline\Pipeline.php(103): call_user_func(Object(Closure), Object(Illuminate\Http\Request))
#14 C:\xampp\htdocs\Control_5_3\vendor\laravel\framework\src\Illuminate\Routing\Router.php(726): Illuminate\Pipeline\Pipeline->then(Object(Closure))
#15 C:\xampp\htdocs\Control_5_3\vendor\laravel\framework\src\Illuminate\Routing\Router.php(699): Illuminate\Routing\Router->runRouteWithinStack(Object(Illuminate\Routing\Route), Object(Illuminate\Http\Request))
#16 C:\xampp\htdocs\Control_5_3\vendor\laravel\framework\src\Illuminate\Routing\Router.php(675): Illuminate\Routing\Router->dispatchToRoute(Object(Illuminate\Http\Request))
#17 C:\xampp\htdocs\Control_5_3\vendor\laravel\framework\src\Illuminate\Foundation\Http\Kernel.php(246): Illuminate\Routing\Router->dispatch(Object(Illuminate\Http\Request))
#18 [internal function]: Illuminate\Foundation\Http\Kernel->Illuminate\Foundation\Http\{closure}(Object(Illuminate\Http\Request))
#19 C:\xampp\htdocs\Control_5_3\vendor\laravel\framework\src\Illuminate\Routing\Pipeline.php(52): call_user_func(Object(Closure), Object(Illuminate\Http\Request))
#20 C:\xampp\htdocs\Control_5_3\vendor\laravel\framework\src\Illuminate\Foundation\Http\Middleware\CheckForMaintenanceMode.php(44): Illuminate\Routing\Pipeline->Illuminate\Routing\{closure}(Object(Illuminate\Http\Request))
#21 [internal function]: Illuminate\Foundation\Http\Middleware\CheckForMaintenanceMode->handle(Object(Illuminate\Http\Request), Object(Closure))
#22 C:\xampp\htdocs\Control_5_3\vendor\laravel\framework\src\Illuminate\Pipeline\Pipeline.php(136): call_user_func_array(Array, Array)
#23 [internal function]: Illuminate\Pipeline\Pipeline->Illuminate\Pipeline\{closure}(Object(Illuminate\Http\Request))
#24 C:\xampp\htdocs\Control_5_3\vendor\laravel\framework\src\Illuminate\Routing\Pipeline.php(32): call_user_func(Object(Closure), Object(Illuminate\Http\Request))
#25 [internal function]: Illuminate\Routing\Pipeline->Illuminate\Routing\{closure}(Object(Illuminate\Http\Request))
#26 C:\xampp\htdocs\Control_5_3\vendor\laravel\framework\src\Illuminate\Pipeline\Pipeline.php(103): call_user_func(Object(Closure), Object(Illuminate\Http\Request))
#27 C:\xampp\htdocs\Control_5_3\vendor\laravel\framework\src\Illuminate\Foundation\Http\Kernel.php(132): Illuminate\Pipeline\Pipeline->then(Object(Closure))
#28 C:\xampp\htdocs\Control_5_3\vendor\laravel\framework\src\Illuminate\Foundation\Http\Kernel.php(99): Illuminate\Foundation\Http\Kernel->sendRequestThroughRouter(Object(Illuminate\Http\Request))
#29 C:\xampp\htdocs\Control_5_3\public\index.php(54): Illuminate\Foundation\Http\Kernel->handle(Object(Illuminate\Http\Request))
#30 {main}  
[2017-02-20 18:30:59] production.ERROR: exception 'RuntimeException' with message 'No supported encrypter found. The cipher and / or key length are invalid.' in C:\xampp\htdocs\Control_5_3\vendor\laravel\framework\src\Illuminate\Encryption\EncryptionServiceProvider.php:45
Stack trace:
#0 C:\xampp\htdocs\Control_5_3\vendor\laravel\framework\src\Illuminate\Encryption\EncryptionServiceProvider.php(25): Illuminate\Encryption\EncryptionServiceProvider->getEncrypterForKeyAndCipher(NULL, 'AES-256-CBC')
#1 C:\xampp\htdocs\Control_5_3\vendor\laravel\framework\src\Illuminate\Container\Container.php(731): Illuminate\Encryption\EncryptionServiceProvider->Illuminate\Encryption\{closure}(Object(Illuminate\Foundation\Application), Array)
#2 C:\xampp\htdocs\Control_5_3\vendor\laravel\framework\src\Illuminate\Container\Container.php(629): Illuminate\Container\Container->build(Object(Closure), Array)
#3 C:\xampp\htdocs\Control_5_3\vendor\laravel\framework\src\Illuminate\Foundation\Application.php(697): Illuminate\Container\Container->make('encrypter', Array)
#4 C:\xampp\htdocs\Control_5_3\vendor\laravel\framework\src\Illuminate\Container\Container.php(849): Illuminate\Foundation\Application->make('Illuminate\\Cont...')
#5 C:\xampp\htdocs\Control_5_3\vendor\laravel\framework\src\Illuminate\Container\Container.php(804): Illuminate\Container\Container->resolveClass(Object(ReflectionParameter))
#6 C:\xampp\htdocs\Control_5_3\vendor\laravel\framework\src\Illuminate\Container\Container.php(775): Illuminate\Container\Container->getDependencies(Array, Array)
#7 C:\xampp\htdocs\Control_5_3\vendor\laravel\framework\src\Illuminate\Container\Container.php(629): Illuminate\Container\Container->build('App\\Http\\Middle...', Array)
#8 C:\xampp\htdocs\Control_5_3\vendor\laravel\framework\src\Illuminate\Foundation\Application.php(697): Illuminate\Container\Container->make('App\\Http\\Middle...', Array)
#9 C:\xampp\htdocs\Control_5_3\vendor\laravel\framework\src\Illuminate\Foundation\Http\Kernel.php(152): Illuminate\Foundation\Application->make('App\\Http\\Middle...')
#10 C:\xampp\htdocs\Control_5_3\public\index.php(58): Illuminate\Foundation\Http\Kernel->terminate(Object(Illuminate\Http\Request), Object(Illuminate\Http\Response))
#11 {main}  
[2017-02-21 17:24:16] production.ERROR: exception 'RuntimeException' with message 'No supported encrypter found. The cipher and / or key length are invalid.' in C:\xampp\htdocs\Control_5_3\vendor\laravel\framework\src\Illuminate\Encryption\EncryptionServiceProvider.php:45
Stack trace:
#0 C:\xampp\htdocs\Control_5_3\vendor\laravel\framework\src\Illuminate\Encryption\EncryptionServiceProvider.php(25): Illuminate\Encryption\EncryptionServiceProvider->getEncrypterForKeyAndCipher(NULL, 'AES-256-CBC')
#1 C:\xampp\htdocs\Control_5_3\vendor\laravel\framework\src\Illuminate\Container\Container.php(731): Illuminate\Encryption\EncryptionServiceProvider->Illuminate\Encryption\{closure}(Object(Illuminate\Foundation\Application), Array)
#2 C:\xampp\htdocs\Control_5_3\vendor\laravel\framework\src\Illuminate\Container\Container.php(629): Illuminate\Container\Container->build(Object(Closure), Array)
#3 C:\xampp\htdocs\Control_5_3\vendor\laravel\framework\src\Illuminate\Foundation\Application.php(697): Illuminate\Container\Container->make('encrypter', Array)
#4 C:\xampp\htdocs\Control_5_3\vendor\laravel\framework\src\Illuminate\Container\Container.php(849): Illuminate\Foundation\Application->make('Illuminate\\Cont...')
#5 C:\xampp\htdocs\Control_5_3\vendor\laravel\framework\src\Illuminate\Container\Container.php(804): Illuminate\Container\Container->resolveClass(Object(ReflectionParameter))
#6 C:\xampp\htdocs\Control_5_3\vendor\laravel\framework\src\Illuminate\Container\Container.php(775): Illuminate\Container\Container->getDependencies(Array, Array)
#7 C:\xampp\htdocs\Control_5_3\vendor\laravel\framework\src\Illuminate\Container\Container.php(629): Illuminate\Container\Container->build('App\\Http\\Middle...', Array)
#8 C:\xampp\htdocs\Control_5_3\vendor\laravel\framework\src\Illuminate\Foundation\Application.php(697): Illuminate\Container\Container->make('App\\Http\\Middle...', Array)
#9 C:\xampp\htdocs\Control_5_3\vendor\laravel\framework\src\Illuminate\Pipeline\Pipeline.php(126): Illuminate\Foundation\Application->make('App\\Http\\Middle...')
#10 [internal function]: Illuminate\Pipeline\Pipeline->Illuminate\Pipeline\{closure}(Object(Illuminate\Http\Request))
#11 C:\xampp\htdocs\Control_5_3\vendor\laravel\framework\src\Illuminate\Routing\Pipeline.php(32): call_user_func(Object(Closure), Object(Illuminate\Http\Request))
#12 [internal function]: Illuminate\Routing\Pipeline->Illuminate\Routing\{closure}(Object(Illuminate\Http\Request))
#13 C:\xampp\htdocs\Control_5_3\vendor\laravel\framework\src\Illuminate\Pipeline\Pipeline.php(103): call_user_func(Object(Closure), Object(Illuminate\Http\Request))
#14 C:\xampp\htdocs\Control_5_3\vendor\laravel\framework\src\Illuminate\Routing\Router.php(726): Illuminate\Pipeline\Pipeline->then(Object(Closure))
#15 C:\xampp\htdocs\Control_5_3\vendor\laravel\framework\src\Illuminate\Routing\Router.php(699): Illuminate\Routing\Router->runRouteWithinStack(Object(Illuminate\Routing\Route), Object(Illuminate\Http\Request))
#16 C:\xampp\htdocs\Control_5_3\vendor\laravel\framework\src\Illuminate\Routing\Router.php(675): Illuminate\Routing\Router->dispatchToRoute(Object(Illuminate\Http\Request))
#17 C:\xampp\htdocs\Control_5_3\vendor\laravel\framework\src\Illuminate\Foundation\Http\Kernel.php(246): Illuminate\Routing\Router->dispatch(Object(Illuminate\Http\Request))
#18 [internal function]: Illuminate\Foundation\Http\Kernel->Illuminate\Foundation\Http\{closure}(Object(Illuminate\Http\Request))
#19 C:\xampp\htdocs\Control_5_3\vendor\laravel\framework\src\Illuminate\Routing\Pipeline.php(52): call_user_func(Object(Closure), Object(Illuminate\Http\Request))
#20 C:\xampp\htdocs\Control_5_3\vendor\laravel\framework\src\Illuminate\Foundation\Http\Middleware\CheckForMaintenanceMode.php(44): Illuminate\Routing\Pipeline->Illuminate\Routing\{closure}(Object(Illuminate\Http\Request))
#21 [internal function]: Illuminate\Foundation\Http\Middleware\CheckForMaintenanceMode->handle(Object(Illuminate\Http\Request), Object(Closure))
#22 C:\xampp\htdocs\Control_5_3\vendor\laravel\framework\src\Illuminate\Pipeline\Pipeline.php(136): call_user_func_array(Array, Array)
#23 [internal function]: Illuminate\Pipeline\Pipeline->Illuminate\Pipeline\{closure}(Object(Illuminate\Http\Request))
#24 C:\xampp\htdocs\Control_5_3\vendor\laravel\framework\src\Illuminate\Routing\Pipeline.php(32): call_user_func(Object(Closure), Object(Illuminate\Http\Request))
#25 [internal function]: Illuminate\Routing\Pipeline->Illuminate\Routing\{closure}(Object(Illuminate\Http\Request))
#26 C:\xampp\htdocs\Control_5_3\vendor\laravel\framework\src\Illuminate\Pipeline\Pipeline.php(103): call_user_func(Object(Closure), Object(Illuminate\Http\Request))
#27 C:\xampp\htdocs\Control_5_3\vendor\laravel\framework\src\Illuminate\Foundation\Http\Kernel.php(132): Illuminate\Pipeline\Pipeline->then(Object(Closure))
#28 C:\xampp\htdocs\Control_5_3\vendor\laravel\framework\src\Illuminate\Foundation\Http\Kernel.php(99): Illuminate\Foundation\Http\Kernel->sendRequestThroughRouter(Object(Illuminate\Http\Request))
#29 C:\xampp\htdocs\Control_5_3\public\index.php(54): Illuminate\Foundation\Http\Kernel->handle(Object(Illuminate\Http\Request))
#30 {main}  
[2017-02-21 17:24:16] production.ERROR: exception 'RuntimeException' with message 'No supported encrypter found. The cipher and / or key length are invalid.' in C:\xampp\htdocs\Control_5_3\vendor\laravel\framework\src\Illuminate\Encryption\EncryptionServiceProvider.php:45
Stack trace:
#0 C:\xampp\htdocs\Control_5_3\vendor\laravel\framework\src\Illuminate\Encryption\EncryptionServiceProvider.php(25): Illuminate\Encryption\EncryptionServiceProvider->getEncrypterForKeyAndCipher(NULL, 'AES-256-CBC')
#1 C:\xampp\htdocs\Control_5_3\vendor\laravel\framework\src\Illuminate\Container\Container.php(731): Illuminate\Encryption\EncryptionServiceProvider->Illuminate\Encryption\{closure}(Object(Illuminate\Foundation\Application), Array)
#2 C:\xampp\htdocs\Control_5_3\vendor\laravel\framework\src\Illuminate\Container\Container.php(629): Illuminate\Container\Container->build(Object(Closure), Array)
#3 C:\xampp\htdocs\Control_5_3\vendor\laravel\framework\src\Illuminate\Foundation\Application.php(697): Illuminate\Container\Container->make('encrypter', Array)
#4 C:\xampp\htdocs\Control_5_3\vendor\laravel\framework\src\Illuminate\Container\Container.php(849): Illuminate\Foundation\Application->make('Illuminate\\Cont...')
#5 C:\xampp\htdocs\Control_5_3\vendor\laravel\framework\src\Illuminate\Container\Container.php(804): Illuminate\Container\Container->resolveClass(Object(ReflectionParameter))
#6 C:\xampp\htdocs\Control_5_3\vendor\laravel\framework\src\Illuminate\Container\Container.php(775): Illuminate\Container\Container->getDependencies(Array, Array)
#7 C:\xampp\htdocs\Control_5_3\vendor\laravel\framework\src\Illuminate\Container\Container.php(629): Illuminate\Container\Container->build('App\\Http\\Middle...', Array)
#8 C:\xampp\htdocs\Control_5_3\vendor\laravel\framework\src\Illuminate\Foundation\Application.php(697): Illuminate\Container\Container->make('App\\Http\\Middle...', Array)
#9 C:\xampp\htdocs\Control_5_3\vendor\laravel\framework\src\Illuminate\Foundation\Http\Kernel.php(152): Illuminate\Foundation\Application->make('App\\Http\\Middle...')
#10 C:\xampp\htdocs\Control_5_3\public\index.php(58): Illuminate\Foundation\Http\Kernel->terminate(Object(Illuminate\Http\Request), Object(Illuminate\Http\Response))
#11 {main}  
[2017-02-21 18:03:06] production.ERROR: exception 'RuntimeException' with message 'No supported encrypter found. The cipher and / or key length are invalid.' in C:\xampp\htdocs\Control_5_3\vendor\laravel\framework\src\Illuminate\Encryption\EncryptionServiceProvider.php:45
Stack trace:
#0 C:\xampp\htdocs\Control_5_3\vendor\laravel\framework\src\Illuminate\Encryption\EncryptionServiceProvider.php(25): Illuminate\Encryption\EncryptionServiceProvider->getEncrypterForKeyAndCipher(NULL, 'AES-256-CBC')
#1 C:\xampp\htdocs\Control_5_3\vendor\laravel\framework\src\Illuminate\Container\Container.php(731): Illuminate\Encryption\EncryptionServiceProvider->Illuminate\Encryption\{closure}(Object(Illuminate\Foundation\Application), Array)
#2 C:\xampp\htdocs\Control_5_3\vendor\laravel\framework\src\Illuminate\Container\Container.php(629): Illuminate\Container\Container->build(Object(Closure), Array)
#3 C:\xampp\htdocs\Control_5_3\vendor\laravel\framework\src\Illuminate\Foundation\Application.php(697): Illuminate\Container\Container->make('encrypter', Array)
#4 C:\xampp\htdocs\Control_5_3\vendor\laravel\framework\src\Illuminate\Container\Container.php(849): Illuminate\Foundation\Application->make('Illuminate\\Cont...')
#5 C:\xampp\htdocs\Control_5_3\vendor\laravel\framework\src\Illuminate\Container\Container.php(804): Illuminate\Container\Container->resolveClass(Object(ReflectionParameter))
#6 C:\xampp\htdocs\Control_5_3\vendor\laravel\framework\src\Illuminate\Container\Container.php(775): Illuminate\Container\Container->getDependencies(Array, Array)
#7 C:\xampp\htdocs\Control_5_3\vendor\laravel\framework\src\Illuminate\Container\Container.php(629): Illuminate\Container\Container->build('App\\Http\\Middle...', Array)
#8 C:\xampp\htdocs\Control_5_3\vendor\laravel\framework\src\Illuminate\Foundation\Application.php(697): Illuminate\Container\Container->make('App\\Http\\Middle...', Array)
#9 C:\xampp\htdocs\Control_5_3\vendor\laravel\framework\src\Illuminate\Pipeline\Pipeline.php(126): Illuminate\Foundation\Application->make('App\\Http\\Middle...')
#10 [internal function]: Illuminate\Pipeline\Pipeline->Illuminate\Pipeline\{closure}(Object(Illuminate\Http\Request))
#11 C:\xampp\htdocs\Control_5_3\vendor\laravel\framework\src\Illuminate\Routing\Pipeline.php(32): call_user_func(Object(Closure), Object(Illuminate\Http\Request))
#12 [internal function]: Illuminate\Routing\Pipeline->Illuminate\Routing\{closure}(Object(Illuminate\Http\Request))
#13 C:\xampp\htdocs\Control_5_3\vendor\laravel\framework\src\Illuminate\Pipeline\Pipeline.php(103): call_user_func(Object(Closure), Object(Illuminate\Http\Request))
#14 C:\xampp\htdocs\Control_5_3\vendor\laravel\framework\src\Illuminate\Routing\Router.php(726): Illuminate\Pipeline\Pipeline->then(Object(Closure))
#15 C:\xampp\htdocs\Control_5_3\vendor\laravel\framework\src\Illuminate\Routing\Router.php(699): Illuminate\Routing\Router->runRouteWithinStack(Object(Illuminate\Routing\Route), Object(Illuminate\Http\Request))
#16 C:\xampp\htdocs\Control_5_3\vendor\laravel\framework\src\Illuminate\Routing\Router.php(675): Illuminate\Routing\Router->dispatchToRoute(Object(Illuminate\Http\Request))
#17 C:\xampp\htdocs\Control_5_3\vendor\laravel\framework\src\Illuminate\Foundation\Http\Kernel.php(246): Illuminate\Routing\Router->dispatch(Object(Illuminate\Http\Request))
#18 [internal function]: Illuminate\Foundation\Http\Kernel->Illuminate\Foundation\Http\{closure}(Object(Illuminate\Http\Request))
#19 C:\xampp\htdocs\Control_5_3\vendor\laravel\framework\src\Illuminate\Routing\Pipeline.php(52): call_user_func(Object(Closure), Object(Illuminate\Http\Request))
#20 C:\xampp\htdocs\Control_5_3\vendor\laravel\framework\src\Illuminate\Foundation\Http\Middleware\CheckForMaintenanceMode.php(44): Illuminate\Routing\Pipeline->Illuminate\Routing\{closure}(Object(Illuminate\Http\Request))
#21 [internal function]: Illuminate\Foundation\Http\Middleware\CheckForMaintenanceMode->handle(Object(Illuminate\Http\Request), Object(Closure))
#22 C:\xampp\htdocs\Control_5_3\vendor\laravel\framework\src\Illuminate\Pipeline\Pipeline.php(136): call_user_func_array(Array, Array)
#23 [internal function]: Illuminate\Pipeline\Pipeline->Illuminate\Pipeline\{closure}(Object(Illuminate\Http\Request))
#24 C:\xampp\htdocs\Control_5_3\vendor\laravel\framework\src\Illuminate\Routing\Pipeline.php(32): call_user_func(Object(Closure), Object(Illuminate\Http\Request))
#25 [internal function]: Illuminate\Routing\Pipeline->Illuminate\Routing\{closure}(Object(Illuminate\Http\Request))
#26 C:\xampp\htdocs\Control_5_3\vendor\laravel\framework\src\Illuminate\Pipeline\Pipeline.php(103): call_user_func(Object(Closure), Object(Illuminate\Http\Request))
#27 C:\xampp\htdocs\Control_5_3\vendor\laravel\framework\src\Illuminate\Foundation\Http\Kernel.php(132): Illuminate\Pipeline\Pipeline->then(Object(Closure))
#28 C:\xampp\htdocs\Control_5_3\vendor\laravel\framework\src\Illuminate\Foundation\Http\Kernel.php(99): Illuminate\Foundation\Http\Kernel->sendRequestThroughRouter(Object(Illuminate\Http\Request))
#29 C:\xampp\htdocs\Control_5_3\public\index.php(54): Illuminate\Foundation\Http\Kernel->handle(Object(Illuminate\Http\Request))
#30 {main}  
[2017-02-21 18:03:06] production.ERROR: exception 'RuntimeException' with message 'No supported encrypter found. The cipher and / or key length are invalid.' in C:\xampp\htdocs\Control_5_3\vendor\laravel\framework\src\Illuminate\Encryption\EncryptionServiceProvider.php:45
Stack trace:
#0 C:\xampp\htdocs\Control_5_3\vendor\laravel\framework\src\Illuminate\Encryption\EncryptionServiceProvider.php(25): Illuminate\Encryption\EncryptionServiceProvider->getEncrypterForKeyAndCipher(NULL, 'AES-256-CBC')
#1 C:\xampp\htdocs\Control_5_3\vendor\laravel\framework\src\Illuminate\Container\Container.php(731): Illuminate\Encryption\EncryptionServiceProvider->Illuminate\Encryption\{closure}(Object(Illuminate\Foundation\Application), Array)
#2 C:\xampp\htdocs\Control_5_3\vendor\laravel\framework\src\Illuminate\Container\Container.php(629): Illuminate\Container\Container->build(Object(Closure), Array)
#3 C:\xampp\htdocs\Control_5_3\vendor\laravel\framework\src\Illuminate\Foundation\Application.php(697): Illuminate\Container\Container->make('encrypter', Array)
#4 C:\xampp\htdocs\Control_5_3\vendor\laravel\framework\src\Illuminate\Container\Container.php(849): Illuminate\Foundation\Application->make('Illuminate\\Cont...')
#5 C:\xampp\htdocs\Control_5_3\vendor\laravel\framework\src\Illuminate\Container\Container.php(804): Illuminate\Container\Container->resolveClass(Object(ReflectionParameter))
#6 C:\xampp\htdocs\Control_5_3\vendor\laravel\framework\src\Illuminate\Container\Container.php(775): Illuminate\Container\Container->getDependencies(Array, Array)
#7 C:\xampp\htdocs\Control_5_3\vendor\laravel\framework\src\Illuminate\Container\Container.php(629): Illuminate\Container\Container->build('App\\Http\\Middle...', Array)
#8 C:\xampp\htdocs\Control_5_3\vendor\laravel\framework\src\Illuminate\Foundation\Application.php(697): Illuminate\Container\Container->make('App\\Http\\Middle...', Array)
#9 C:\xampp\htdocs\Control_5_3\vendor\laravel\framework\src\Illuminate\Foundation\Http\Kernel.php(152): Illuminate\Foundation\Application->make('App\\Http\\Middle...')
#10 C:\xampp\htdocs\Control_5_3\public\index.php(58): Illuminate\Foundation\Http\Kernel->terminate(Object(Illuminate\Http\Request), Object(Illuminate\Http\Response))
#11 {main}  
